<?xml version="1.0" encoding="UTF-8"?>
<!-- Generated by org.testng.reporters.JUnitReportReporter -->
<testsuite hostname="Soniya" failures="0" tests="1" name="testapi.BasicAPIProgram" time="3.097" errors="0" timestamp="2025-07-29T18:37:49 IST" skipped="0">
  <testcase classname="testapi.BasicAPIProgram" name="getUser" time="3.097"/>
</testsuite> <!-- testapi.BasicAPIProgram -->
