<?xml version="1.0" encoding="UTF-8"?>
<!-- Generated by org.testng.reporters.JUnitReportReporter -->
<testsuite hostname="Soniya" failures="0" tests="1" name="testapi.BasicAPIProgram" time="4.140" errors="0" timestamp="2025-07-25T13:44:24 IST" skipped="0">
  <testcase classname="testapi.BasicAPIProgram" name="getUser" time="4.140"/>
</testsuite> <!-- testapi.BasicAPIProgram -->
