<?xml version="1.0" encoding="UTF-8"?>
<!-- Generated by org.testng.reporters.JUnitReportReporter -->
<testsuite hostname="Soniya" failures="0" tests="1" name="testapi.SumValidation" time="2.108" errors="0" timestamp="2025-08-01T22:01:10 IST" skipped="0">
  <testcase classname="testapi.SumValidation" name="sumOfCourse" time="2.108"/>
</testsuite> <!-- testapi.SumValidation -->
